xilinx rtfpga
INFO: [Synth 8-4471] merging register 'wtlp_aabyte_off_501_reg[5:0]' into 'wtlp_aabyte_off_501_reg[5:0]' [/home/luke/Documents/Capstone/FPGA_API/vivado_designs/DMA_2/DMA_2.srcs/sources_1/bd/design_1/ipshared/97dd/hdl/xdma_v4_1_vl_rfs.sv:13844]
INFO: [Synth 8-4471] merging register 'wtlp_aabyte_off_502_reg[5:0]' into 'wtlp_aabyte_off_502_reg[5:0]' [/home/luke/Documents/Capstone/FPGA_API/vivado_designs/DMA_2/DMA_2.srcs/sources_1/bd/design_1/ipshared/97dd/hdl/xdma_v4_1_vl_rfs.sv:13845]
INFO: [Synth 8-6904] The RAM "dma_pcie_rq/wcp_chn_q_reg" of size (depth=15 x width=3) is automatically implemented using LUTRAM. BRAM implementation would be inefficient 
INFO: [Synth 8-6904] The RAM "dma_pcie_rq/wcp_eor_q_reg" of size (depth=15 x width=1) is automatically implemented using LUTRAM. BRAM implementation would be inefficient 
INFO: [Synth 8-6904] The RAM "dma_pcie_rq/wcp_rid_q_reg" of size (depth=15 x width=8) is automatically implemented using LUTRAM. BRAM implementation would be inefficient 
WARNING: [Synth 8-3331] design xdma_v4_1_4_dma_pcie_rq has unconnected port attr[axi_slv_brdg_base_addr][63]
WARNING: [Synth 8-3331] design xdma_v4_1_4_dma_pcie_rq has unconnected port attr[axi_slv_brdg_base_addr][62]
WARNING: [Synth 8-3331] design xdma_v4_1_4_dma_pcie_rq has unconnected port attr[axi_slv_brdg_base_addr][61]
WARNING: [Synth 8-3331] design xdma_v4_1_4_dma_pcie_rq has unconnected port attr[axi_slv_brdg_base_addr][60]
WARNING: [Synth 8-3331] design xdma_v4_1_4_dma_pcie_rq has unconnected port attr[axi_slv_brdg_base_addr][59]
WARNING: [Synth 8-3331] design xdma_v4_1_4_dma_pcie_rq has unconnected port attr[axi_slv_brdg_base_addr][58]
WARNING: [Synth 8-3331] design xdma_v4_1_4_dma_pcie_rq has unconnected port attr[axi_slv_brdg_base_addr][57]
WARNING: [Synth 8-3331] design xdma_v4_1_4_dma_pcie_rq has unconnected port attr[axi_slv_brdg_base_addr][56]
WARNING: [Synth 8-3331] design xdma_v4_1_4_dma_pcie_rq has unconnected port attr[axi_slv_brdg_base_addr][55]
WARNING: [Synth 8-3331] design xdma_v4_1_4_dma_pcie_rq has unconnected port attr[axi_slv_brdg_base_addr][54]
WARNING: [Synth 8-3331] design xdma_v4_1_4_dma_pcie_rq has unconnected port attr[axi_slv_brdg_base_addr][53]
WARNING: [Synth 8-3331] design xdma_v4_1_4_dma_pcie_rq has unconnected port attr[axi_slv_brdg_base_addr][52]
WARNING: [Synth 8-3331] design xdma_v4_1_4_dma_pcie_rq has unconnected port attr[axi_slv_brdg_base_addr][51]
WARNING: [Synth 8-3331] design xdma_v4_1_4_dma_pcie_rq has unconnected port attr[axi_slv_brdg_base_addr][50]
WARNING: [Synth 8-3331] design xdma_v4_1_4_dma_pcie_rq has unconnected port attr[axi_slv_brdg_base_addr][49]
WARNING: [Synth 8-3331] design xdma_v4_1_4_dma_pcie_rq has unconnected port attr[axi_slv_brdg_base_addr][48]
WARNING: [Synth 8-3331] design xdma_v4_1_4_dma_pcie_rq has unconnected port attr[axi_slv_brdg_base_addr][47]
WARNING: [Synth 8-3331] design xdma_v4_1_4_dma_pcie_rq has unconnected port attr[axi_slv_brdg_base_addr][46]
WARNING: [Synth 8-3331] design xdma_v4_1_4_dma_pcie_rq has unconnected port attr[axi_slv_brdg_base_addr][45]
WARNING: [Synth 8-3331] design xdma_v4_1_4_dma_pcie_rq has unconnected port attr[axi_slv_brdg_base_addr][44]
WARNING: [Synth 8-3331] design xdma_v4_1_4_dma_pcie_rq has unconnected port attr[axi_slv_brdg_base_addr][43]
WARNING: [Synth 8-3331] design xdma_v4_1_4_dma_pcie_rq has unconnected port attr[axi_slv_brdg_base_addr][42]
WARNING: [Synth 8-3331] design xdma_v4_1_4_dma_pcie_rq has unconnected port attr[axi_slv_brdg_base_addr][41]
WARNING: [Synth 8-3331] design xdma_v4_1_4_dma_pcie_rq has unconnected port attr[axi_slv_brdg_base_addr][40]
WARNING: [Synth 8-3331] design xdma_v4_1_4_dma_pcie_rq has unconnected port attr[axi_slv_brdg_base_addr][39]
WARNING: [Synth 8-3331] design xdma_v4_1_4_dma_pcie_rq has unconnected port attr[axi_slv_brdg_base_addr][38]
WARNING: [Synth 8-3331] design xdma_v4_1_4_dma_pcie_rq has unconnected port attr[axi_slv_brdg_base_addr][37]
WARNING: [Synth 8-3331] design xdma_v4_1_4_dma_pcie_rq has unconnected port attr[axi_slv_brdg_base_addr][36]
WARNING: [Synth 8-3331] design xdma_v4_1_4_dma_pcie_rq has unconnected port attr[axi_slv_brdg_base_addr][35]
WARNING: [Synth 8-3331] design xdma_v4_1_4_dma_pcie_rq has unconnected port attr[axi_slv_brdg_base_addr][34]
WARNING: [Synth 8-3331] design xdma_v4_1_4_dma_pcie_rq has unconnected port attr[axi_slv_brdg_base_addr][33]
WARNING: [Synth 8-3331] design xdma_v4_1_4_dma_pcie_rq has unconnected port attr[axi_slv_brdg_base_addr][32]
WARNING: [Synth 8-3331] design xdma_v4_1_4_dma_pcie_rq has unconnected port attr[axi_slv_brdg_base_addr][31]
WARNING: [Synth 8-3331] design xdma_v4_1_4_dma_pcie_rq has unconnected port attr[axi_slv_brdg_base_addr][30]
WARNING: [Synth 8-3331] design xdma_v4_1_4_dma_pcie_rq has unconnected port attr[axi_slv_brdg_base_addr][29]
WARNING: [Synth 8-3331] design xdma_v4_1_4_dma_pcie_rq has unconnected port attr[axi_slv_brdg_base_addr][28]
WARNING: [Synth 8-3331] design xdma_v4_1_4_dma_pcie_rq has unconnected port attr[axi_slv_brdg_base_addr][27]
WARNING: [Synth 8-3331] design xdma_v4_1_4_dma_pcie_rq has unconnected port attr[axi_slv_brdg_base_addr][26]
WARNING: [Synth 8-3331] design xdma_v4_1_4_dma_pcie_rq has unconnected port attr[axi_slv_brdg_base_addr][25]
WARNING: [Synth 8-3331] design xdma_v4_1_4_dma_pcie_rq has unconnected port attr[axi_slv_brdg_base_addr][24]
WARNING: [Synth 8-3331] design xdma_v4_1_4_dma_pcie_rq has unconnected port attr[axi_slv_brdg_base_addr][23]
WARNING: [Synth 8-3331] design xdma_v4_1_4_dma_pcie_rq has unconnected port attr[axi_slv_brdg_base_addr][22]
WARNING: [Synth 8-3331] design xdma_v4_1_4_dma_pcie_rq has unconnected port attr[axi_slv_brdg_base_addr][21]
WARNING: [Synth 8-3331] design xdma_v4_1_4_dma_pcie_rq has unconnected port attr[axi_slv_brdg_base_addr][20]
WARNING: [Synth 8-3331] design xdma_v4_1_4_dma_pcie_rq has unconnected port attr[axi_slv_brdg_base_addr][19]
WARNING: [Synth 8-3331] design xdma_v4_1_4_dma_pcie_rq has unconnected port attr[axi_slv_brdg_base_addr][18]
WARNING: [Synth 8-3331] design xdma_v4_1_4_dma_pcie_rq has unconnected port attr[axi_slv_brdg_base_addr][17]
WARNING: [Synth 8-3331] design xdma_v4_1_4_dma_pcie_rq has unconnected port attr[axi_slv_brdg_base_addr][16]
WARNING: [Synth 8-3331] design xdma_v4_1_4_dma_pcie_rq has unconnected port attr[axi_slv_brdg_base_addr][15]
WARNING: [Synth 8-3331] design xdma_v4_1_4_dma_pcie_rq has unconnected port attr[axi_slv_brdg_base_addr][14]
WARNING: [Synth 8-3331] design xdma_v4_1_4_dma_pcie_rq has unconnected port attr[axi_slv_brdg_base_addr][13]
WARNING: [Synth 8-3331] design xdma_v4_1_4_dma_pcie_rq has unconnected port attr[axi_slv_brdg_base_addr][12]
WARNING: [Synth 8-3331] design xdma_v4_1_4_dma_pcie_rq has unconnected port attr[axi_slv_brdg_base_addr][11]
WARNING: [Synth 8-3331] design xdma_v4_1_4_dma_pcie_rq has unconnected port attr[axi_slv_brdg_base_addr][10]
WARNING: [Synth 8-3331] design xdma_v4_1_4_dma_pcie_rq has unconnected port attr[axi_slv_brdg_base_addr][9]
WARNING: [Synth 8-3331] design xdma_v4_1_4_dma_pcie_rq has unconnected port attr[axi_slv_brdg_base_addr][8]
WARNING: [Synth 8-3331] design xdma_v4_1_4_dma_pcie_rq has unconnected port attr[axi_slv_brdg_base_addr][7]
WARNING: [Synth 8-3331] design xdma_v4_1_4_dma_pcie_rq has unconnected port attr[axi_slv_brdg_base_addr][6]
WARNING: [Synth 8-3331] design xdma_v4_1_4_dma_pcie_rq has unconnected port attr[axi_slv_brdg_base_addr][5]
WARNING: [Synth 8-3331] design xdma_v4_1_4_dma_pcie_rq has unconnected port attr[axi_slv_brdg_base_addr][4]
WARNING: [Synth 8-3331] design xdma_v4_1_4_dma_pcie_rq has unconnected port attr[axi_slv_brdg_base_addr][3]
WARNING: [Synth 8-3331] design xdma_v4_1_4_dma_pcie_rq has unconnected port attr[axi_slv_brdg_base_addr][2]
WARNING: [Synth 8-3331] design xdma_v4_1_4_dma_pcie_rq has unconnected port attr[axi_slv_brdg_base_addr][1]
WARNING: [Synth 8-3331] design xdma_v4_1_4_dma_pcie_rq has unconnected port attr[axi_slv_brdg_base_addr][0]
WARNING: [Synth 8-3331] design xdma_v4_1_4_dma_pcie_rq has unconnected port attr[axi_slv_multq_base_addr][63]
WARNING: [Synth 8-3331] design xdma_v4_1_4_dma_pcie_rq has unconnected port attr[axi_slv_multq_base_addr][62]
WARNING: [Synth 8-3331] design xdma_v4_1_4_dma_pcie_rq has unconnected port attr[axi_slv_multq_base_addr][61]
WARNING: [Synth 8-3331] design xdma_v4_1_4_dma_pcie_rq has unconnected port attr[axi_slv_multq_base_addr][60]
WARNING: [Synth 8-3331] design xdma_v4_1_4_dma_pcie_rq has unconnected port attr[axi_slv_multq_base_addr][59]
WARNING: [Synth 8-3331] design xdma_v4_1_4_dma_pcie_rq has unconnected port attr[axi_slv_multq_base_addr][58]
WARNING: [Synth 8-3331] design xdma_v4_1_4_dma_pcie_rq has unconnected port attr[axi_slv_multq_base_addr][57]
WARNING: [Synth 8-3331] design xdma_v4_1_4_dma_pcie_rq has unconnected port attr[axi_slv_multq_base_addr][56]
WARNING: [Synth 8-3331] design xdma_v4_1_4_dma_pcie_rq has unconnected port attr[axi_slv_multq_base_addr][55]
WARNING: [Synth 8-3331] design xdma_v4_1_4_dma_pcie_rq has unconnected port attr[axi_slv_multq_base_addr][54]
WARNING: [Synth 8-3331] design xdma_v4_1_4_dma_pcie_rq has unconnected port attr[axi_slv_multq_base_addr][53]
WARNING: [Synth 8-3331] design xdma_v4_1_4_dma_pcie_rq has unconnected port attr[axi_slv_multq_base_addr][52]
WARNING: [Synth 8-3331] design xdma_v4_1_4_dma_pcie_rq has unconnected port attr[axi_slv_multq_base_addr][51]
WARNING: [Synth 8-3331] design xdma_v4_1_4_dma_pcie_rq has unconnected port attr[axi_slv_multq_base_addr][50]
WARNING: [Synth 8-3331] design xdma_v4_1_4_dma_pcie_rq has unconnected port attr[axi_slv_multq_base_addr][49]
WARNING: [Synth 8-3331] design xdma_v4_1_4_dma_pcie_rq has unconnected port attr[axi_slv_multq_base_addr][48]
WARNING: [Synth 8-3331] design xdma_v4_1_4_dma_pcie_rq has unconnected port attr[axi_slv_multq_base_addr][47]
WARNING: [Synth 8-3331] design xdma_v4_1_4_dma_pcie_rq has unconnected port attr[axi_slv_multq_base_addr][46]
WARNING: [Synth 8-3331] design xdma_v4_1_4_dma_pcie_rq has unconnected port attr[axi_slv_multq_base_addr][45]
WARNING: [Synth 8-3331] design xdma_v4_1_4_dma_pcie_rq has unconnected port attr[axi_slv_multq_base_addr][44]
WARNING: [Synth 8-3331] design xdma_v4_1_4_dma_pcie_rq has unconnected port attr[axi_slv_multq_base_addr][43]
WARNING: [Synth 8-3331] design xdma_v4_1_4_dma_pcie_rq has unconnected port attr[axi_slv_multq_base_addr][42]
WARNING: [Synth 8-3331] design xdma_v4_1_4_dma_pcie_rq has unconnected port attr[axi_slv_multq_base_addr][41]
WARNING: [Synth 8-3331] design xdma_v4_1_4_dma_pcie_rq has unconnected port attr[axi_slv_multq_base_addr][40]
WARNING: [Synth 8-3331] design xdma_v4_1_4_dma_pcie_rq has unconnected port attr[axi_slv_multq_base_addr][39]
WARNING: [Synth 8-3331] design xdma_v4_1_4_dma_pcie_rq has unconnected port attr[axi_slv_multq_base_addr][38]
WARNING: [Synth 8-3331] design xdma_v4_1_4_dma_pcie_rq has unconnected port attr[axi_slv_multq_base_addr][37]
WARNING: [Synth 8-3331] design xdma_v4_1_4_dma_pcie_rq has unconnected port attr[axi_slv_multq_base_addr][36]
WARNING: [Synth 8-3331] design xdma_v4_1_4_dma_pcie_rq has unconnected port attr[axi_slv_multq_base_addr][35]
WARNING: [Synth 8-3331] design xdma_v4_1_4_dma_pcie_rq has unconnected port attr[axi_slv_multq_base_addr][34]
WARNING: [Synth 8-3331] design xdma_v4_1_4_dma_pcie_rq has unconnected port attr[axi_slv_multq_base_addr][33]
WARNING: [Synth 8-3331] design xdma_v4_1_4_dma_pcie_rq has unconnected port attr[axi_slv_multq_base_addr][32]
WARNING: [Synth 8-3331] design xdma_v4_1_4_dma_pcie_rq has unconnected port attr[axi_slv_multq_base_addr][31]
WARNING: [Synth 8-3331] design xdma_v4_1_4_dma_pcie_rq has unconnected port attr[axi_slv_multq_base_addr][30]
WARNING: [Synth 8-3331] design xdma_v4_1_4_dma_pcie_rq has unconnected port attr[axi_slv_multq_base_addr][29]
WARNING: [Synth 8-3331] design xdma_v4_1_4_dma_pcie_rq has unconnected port attr[axi_slv_multq_base_addr][28]
INFO: [Common 17-14] Message 'Synth 8-3331' appears 100 times and further instances of the messages will be disabled. Use the Tcl command set_msg_config to change the current settings.
INFO: [Synth 8-6904] The RAM "dma_pcie_rq/wcp_chn_q_reg" of size (depth=15 x width=3) is automatically implemented using LUTRAM. BRAM implementation would be inefficient 
INFO: [Synth 8-6904] The RAM "dma_pcie_rq/wcp_eor_q_reg" of size (depth=15 x width=1) is automatically implemented using LUTRAM. BRAM implementation would be inefficient 
INFO: [Synth 8-6904] The RAM "dma_pcie_rq/wcp_rid_q_reg" of size (depth=15 x width=8) is automatically implemented using LUTRAM. BRAM implementation would be inefficient 
INFO: [Synth 8-3333] propagating constant 0 across sequential element (dma_pcie_rq/\wtlp_shift_502_reg[0] )
INFO: [Synth 8-3333] propagating constant 0 across sequential element (dma_pcie_rq/\wtlp_shift_502_reg[1] )
INFO: [Synth 8-3333] propagating constant 0 across sequential element (dma_pcie_rq/\resource_reduction_disable_1.wpl_dwa_dat_503_reg[320] )
INFO: [Synth 8-3333] propagating constant 0 across sequential element (dma_pcie_rq/\resource_reduction_disable_1.wpl_dwa_dat_503_reg[352] )
INFO: [Synth 8-3333] propagating constant 0 across sequential element (dma_pcie_rq/\resource_reduction_disable_1.wpl_dwa_dat_503_reg[321] )
INFO: [Synth 8-3333] propagating constant 0 across sequential element (dma_pcie_rq/\resource_reduction_disable_1.wpl_dwa_dat_503_reg[353] )
INFO: [Synth 8-3333] propagating constant 0 across sequential element (dma_pcie_rq/\resource_reduction_disable_1.wpl_dwa_dat_503_reg[322] )
INFO: [Synth 8-3333] propagating constant 0 across sequential element (dma_pcie_rq/\resource_reduction_disable_1.wpl_dwa_dat_503_reg[354] )
INFO: [Synth 8-3333] propagating constant 0 across sequential element (dma_pcie_rq/\resource_reduction_disable_1.wpl_dwa_dat_503_reg[323] )
INFO: [Synth 8-3333] propagating constant 0 across sequential element (dma_pcie_rq/\resource_reduction_disable_1.wpl_dwa_dat_503_reg[355] )
INFO: [Synth 8-3333] propagating constant 0 across sequential element (dma_pcie_rq/\resource_reduction_disable_1.wpl_dwa_dat_503_reg[324] )
INFO: [Synth 8-3333] propagating constant 0 across sequential element (dma_pcie_rq/\resource_reduction_disable_1.wpl_dwa_dat_503_reg[356] )
INFO: [Synth 8-3333] propagating constant 0 across sequential element (dma_pcie_rq/\resource_reduction_disable_1.wpl_dwa_dat_503_reg[325] )
INFO: [Synth 8-3333] propagating constant 0 across sequential element (dma_pcie_rq/\resource_reduction_disable_1.wpl_dwa_dat_503_reg[357] )
INFO: [Synth 8-3333] propagating constant 0 across sequential element (dma_pcie_rq/\resource_reduction_disable_1.wpl_dwa_dat_503_reg[326] )
INFO: [Synth 8-3333] propagating constant 0 across sequential element (dma_pcie_rq/\resource_reduction_disable_1.wpl_dwa_dat_503_reg[358] )
INFO: [Synth 8-3333] propagating constant 0 across sequential element (dma_pcie_rq/\resource_reduction_disable_1.wpl_dwa_dat_503_reg[327] )
INFO: [Synth 8-3333] propagating constant 0 across sequential element (dma_pcie_rq/\resource_reduction_disable_1.wpl_dwa_dat_503_reg[359] )
INFO: [Synth 8-3333] propagating constant 0 across sequential element (dma_pcie_rq/\resource_reduction_disable_1.wpl_dwa_dat_503_reg[328] )
INFO: [Synth 8-3333] propagating constant 0 across sequential element (dma_pcie_rq/\resource_reduction_disable_1.wpl_dwa_dat_503_reg[360] )
INFO: [Synth 8-3333] propagating constant 0 across sequential element (dma_pcie_rq/\resource_reduction_disable_1.wpl_dwa_dat_503_reg[329] )
INFO: [Synth 8-3333] propagating constant 0 across sequential element (dma_pcie_rq/\resource_reduction_disable_1.wpl_dwa_dat_503_reg[361] )
INFO: [Synth 8-3333] propagating constant 0 across sequential element (dma_pcie_rq/\resource_reduction_disable_1.wpl_dwa_dat_503_reg[330] )
INFO: [Synth 8-3333] propagating constant 0 across sequential element (dma_pcie_rq/\resource_reduction_disable_1.wpl_dwa_dat_503_reg[362] )
INFO: [Synth 8-3333] propagating constant 0 across sequential element (dma_pcie_rq/\resource_reduction_disable_1.wpl_dwa_dat_503_reg[331] )
INFO: [Synth 8-3333] propagating constant 0 across sequential element (dma_pcie_rq/\resource_reduction_disable_1.wpl_dwa_dat_503_reg[363] )
INFO: [Synth 8-3333] propagating constant 0 across sequential element (dma_pcie_rq/\resource_reduction_disable_1.wpl_dwa_dat_503_reg[332] )
INFO: [Synth 8-3333] propagating constant 0 across sequential element (dma_pcie_rq/\resource_reduction_disable_1.wpl_dwa_dat_503_reg[364] )
INFO: [Synth 8-3333] propagating constant 0 across sequential element (dma_pcie_rq/\resource_reduction_disable_1.wpl_dwa_dat_503_reg[333] )
INFO: [Synth 8-3333] propagating constant 0 across sequential element (dma_pcie_rq/\resource_reduction_disable_1.wpl_dwa_dat_503_reg[365] )
INFO: [Synth 8-3333] propagating constant 0 across sequential element (dma_pcie_rq/\resource_reduction_disable_1.wpl_dwa_dat_503_reg[334] )
INFO: [Synth 8-3333] propagating constant 0 across sequential element (dma_pcie_rq/\resource_reduction_disable_1.wpl_dwa_dat_503_reg[366] )
INFO: [Synth 8-3333] propagating constant 0 across sequential element (dma_pcie_rq/\resource_reduction_disable_1.wpl_dwa_dat_503_reg[335] )
INFO: [Synth 8-3333] propagating constant 0 across sequential element (dma_pcie_rq/\resource_reduction_disable_1.wpl_dwa_dat_503_reg[367] )
INFO: [Synth 8-3333] propagating constant 0 across sequential element (dma_pcie_rq/\resource_reduction_disable_1.wpl_dwa_dat_503_reg[336] )
INFO: [Synth 8-3333] propagating constant 0 across sequential element (dma_pcie_rq/\resource_reduction_disable_1.wpl_dwa_dat_503_reg[368] )
INFO: [Synth 8-3333] propagating constant 0 across sequential element (dma_pcie_rq/\resource_reduction_disable_1.wpl_dwa_dat_503_reg[337] )
INFO: [Synth 8-3333] propagating constant 0 across sequential element (dma_pcie_rq/\resource_reduction_disable_1.wpl_dwa_dat_503_reg[369] )
INFO: [Synth 8-3333] propagating constant 0 across sequential element (dma_pcie_rq/\resource_reduction_disable_1.wpl_dwa_dat_503_reg[338] )
INFO: [Synth 8-3333] propagating constant 0 across sequential element (dma_pcie_rq/\resource_reduction_disable_1.wpl_dwa_dat_503_reg[370] )
INFO: [Synth 8-3333] propagating constant 0 across sequential element (dma_pcie_rq/\resource_reduction_disable_1.wpl_dwa_dat_503_reg[339] )
INFO: [Synth 8-3333] propagating constant 0 across sequential element (dma_pcie_rq/\resource_reduction_disable_1.wpl_dwa_dat_503_reg[371] )
INFO: [Synth 8-3333] propagating constant 0 across sequential element (dma_pcie_rq/\resource_reduction_disable_1.wpl_dwa_dat_503_reg[340] )
INFO: [Synth 8-3333] propagating constant 0 across sequential element (dma_pcie_rq/\resource_reduction_disable_1.wpl_dwa_dat_503_reg[372] )
INFO: [Synth 8-3333] propagating constant 0 across sequential element (dma_pcie_rq/\resource_reduction_disable_1.wpl_dwa_dat_503_reg[341] )
INFO: [Synth 8-3333] propagating constant 0 across sequential element (dma_pcie_rq/\resource_reduction_disable_1.wpl_dwa_dat_503_reg[373] )
INFO: [Synth 8-3333] propagating constant 0 across sequential element (dma_pcie_rq/\resource_reduction_disable_1.wpl_dwa_dat_503_reg[342] )
INFO: [Synth 8-3333] propagating constant 0 across sequential element (dma_pcie_rq/\resource_reduction_disable_1.wpl_dwa_dat_503_reg[374] )
INFO: [Synth 8-3333] propagating constant 0 across sequential element (dma_pcie_rq/\resource_reduction_disable_1.wpl_dwa_dat_503_reg[343] )
INFO: [Synth 8-3333] propagating constant 0 across sequential element (dma_pcie_rq/\resource_reduction_disable_1.wpl_dwa_dat_503_reg[375] )
INFO: [Synth 8-3333] propagating constant 0 across sequential element (dma_pcie_rq/\resource_reduction_disable_1.wpl_dwa_dat_503_reg[344] )
INFO: [Synth 8-3333] propagating constant 0 across sequential element (dma_pcie_rq/\resource_reduction_disable_1.wpl_dwa_dat_503_reg[312] )
INFO: [Synth 8-3333] propagating constant 0 across sequential element (dma_pcie_rq/\resource_reduction_disable_1.wpl_dwa_dat_503_reg[376] )
INFO: [Synth 8-3333] propagating constant 0 across sequential element (dma_pcie_rq/\resource_reduction_disable_1.wpl_dwa_dat_503_reg[345] )
INFO: [Synth 8-3333] propagating constant 0 across sequential element (dma_pcie_rq/\resource_reduction_disable_1.wpl_dwa_dat_503_reg[313] )
INFO: [Synth 8-3333] propagating constant 0 across sequential element (dma_pcie_rq/\resource_reduction_disable_1.wpl_dwa_dat_503_reg[377] )
INFO: [Synth 8-3333] propagating constant 0 across sequential element (dma_pcie_rq/\resource_reduction_disable_1.wpl_dwa_dat_503_reg[346] )
INFO: [Synth 8-3333] propagating constant 0 across sequential element (dma_pcie_rq/\resource_reduction_disable_1.wpl_dwa_dat_503_reg[314] )
INFO: [Synth 8-3333] propagating constant 0 across sequential element (dma_pcie_rq/\resource_reduction_disable_1.wpl_dwa_dat_503_reg[378] )
INFO: [Synth 8-3333] propagating constant 0 across sequential element (dma_pcie_rq/\resource_reduction_disable_1.wpl_dwa_dat_503_reg[347] )
INFO: [Synth 8-3333] propagating constant 0 across sequential element (dma_pcie_rq/\resource_reduction_disable_1.wpl_dwa_dat_503_reg[315] )
INFO: [Synth 8-3333] propagating constant 0 across sequential element (dma_pcie_rq/\resource_reduction_disable_1.wpl_dwa_dat_503_reg[379] )
INFO: [Synth 8-3333] propagating constant 0 across sequential element (dma_pcie_rq/\resource_reduction_disable_1.wpl_dwa_dat_503_reg[348] )
INFO: [Synth 8-3333] propagating constant 0 across sequential element (dma_pcie_rq/\resource_reduction_disable_1.wpl_dwa_dat_503_reg[316] )
INFO: [Synth 8-3333] propagating constant 0 across sequential element (dma_pcie_rq/\resource_reduction_disable_1.wpl_dwa_dat_503_reg[380] )
INFO: [Synth 8-3333] propagating constant 0 across sequential element (dma_pcie_rq/\resource_reduction_disable_1.wpl_dwa_dat_503_reg[349] )
INFO: [Synth 8-3333] propagating constant 0 across sequential element (dma_pcie_rq/\resource_reduction_disable_1.wpl_dwa_dat_503_reg[317] )
INFO: [Synth 8-3333] propagating constant 0 across sequential element (dma_pcie_rq/\resource_reduction_disable_1.wpl_dwa_dat_503_reg[381] )
INFO: [Synth 8-3333] propagating constant 0 across sequential element (dma_pcie_rq/\resource_reduction_disable_1.wpl_dwa_dat_503_reg[350] )
INFO: [Synth 8-3333] propagating constant 0 across sequential element (dma_pcie_rq/\resource_reduction_disable_1.wpl_dwa_dat_503_reg[318] )
INFO: [Synth 8-3333] propagating constant 0 across sequential element (dma_pcie_rq/\resource_reduction_disable_1.wpl_dwa_dat_503_reg[382] )
INFO: [Synth 8-3333] propagating constant 0 across sequential element (dma_pcie_rq/\resource_reduction_disable_1.wpl_dwa_dat_503_reg[351] )
INFO: [Synth 8-3333] propagating constant 0 across sequential element (dma_pcie_rq/\resource_reduction_disable_1.wpl_dwa_dat_503_reg[319] )
INFO: [Synth 8-3333] propagating constant 0 across sequential element (dma_pcie_rq/RQ_FIFO/\WrPtr_reg[0] )
INFO: [Synth 8-3886] merging instance 'dma_pcie_rq/rreq_head_info_ff_reg[1][tag][6]' (FDRE) to 'dma_pcie_rq/rreq_head_info_ff_reg[1][tag][7]'
INFO: [Synth 8-3333] propagating constant 0 across sequential element (dma_pcie_rq/\rreq_head_info_ff_reg[1][tag][7] )
INFO: [Synth 8-3333] propagating constant 1 across sequential element (dma_pcie_rq/\wpl_hdr_lstrb_ff_reg[0] )
INFO: [Synth 8-3886] merging instance 'dma_pcie_rq/wpl_hdr_adr_ff_reg[0]' (FDE) to 'dma_pcie_rq/wpl_hdr_adr_ff_reg[1]'
INFO: [Synth 8-3333] propagating constant 0 across sequential element (dma_pcie_rq/\wpl_hdr_adr_ff_reg[1] )
INFO: [Synth 8-3333] propagating constant 0 across sequential element (dma_pcie_rq/\pcie_rq_seq_ret_wr_ff_reg[0] )
INFO: [Synth 8-3333] propagating constant 0 across sequential element (dma_pcie_rq/\wtlp_hdr_500_reg[71] )
INFO: [Synth 8-3886] merging instance 'dma_pcie_rq/RcbAvail_new_ff_reg[0]' (FDR) to 'dma_pcie_rq/RcbAvail_new_ff_reg[4]'
INFO: [Synth 8-3886] merging instance 'dma_pcie_rq/RcbAvail_new_ff_reg[1]' (FDR) to 'dma_pcie_rq/RcbAvail_new_ff_reg[4]'
INFO: [Synth 8-3886] merging instance 'dma_pcie_rq/m_axis_rq_thead_d_ff_reg[0][76]' (FDRE) to 'dma_pcie_rq/m_axis_rq_thead_d_ff_reg[0][127]'
INFO: [Synth 8-3886] merging instance 'dma_pcie_rq/m_axis_rq_thead_d_ff_reg[0][77]' (FDRE) to 'dma_pcie_rq/m_axis_rq_thead_d_ff_reg[0][127]'
INFO: [Synth 8-3886] merging instance 'dma_pcie_rq/m_axis_rq_thead_d_ff_reg[0][78]' (FDRE) to 'dma_pcie_rq/m_axis_rq_thead_d_ff_reg[0][127]'
INFO: [Synth 8-3886] merging instance 'dma_pcie_rq/m_axis_rq_thead_d_ff_reg[0][79]' (FDRE) to 'dma_pcie_rq/m_axis_rq_thead_d_ff_reg[0][127]'
INFO: [Synth 8-3886] merging instance 'dma_pcie_rq/m_axis_rq_thead_d_ff_reg[0][80]' (FDRE) to 'dma_pcie_rq/m_axis_rq_thead_d_ff_reg[0][127]'
INFO: [Synth 8-3886] merging instance 'dma_pcie_rq/m_axis_rq_thead_d_ff_reg[0][81]' (FDRE) to 'dma_pcie_rq/m_axis_rq_thead_d_ff_reg[0][127]'
INFO: [Synth 8-3886] merging instance 'dma_pcie_rq/m_axis_rq_thead_d_ff_reg[0][82]' (FDRE) to 'dma_pcie_rq/m_axis_rq_thead_d_ff_reg[0][127]'
INFO: [Synth 8-3886] merging instance 'dma_pcie_rq/m_axis_rq_thead_d_ff_reg[0][83]' (FDRE) to 'dma_pcie_rq/m_axis_rq_thead_d_ff_reg[0][127]'
INFO: [Synth 8-3886] merging instance 'dma_pcie_rq/m_axis_rq_thead_d_ff_reg[0][84]' (FDRE) to 'dma_pcie_rq/m_axis_rq_thead_d_ff_reg[0][127]'
INFO: [Synth 8-3886] merging instance 'dma_pcie_rq/m_axis_rq_thead_d_ff_reg[0][85]' (FDRE) to 'dma_pcie_rq/m_axis_rq_thead_d_ff_reg[0][127]'
INFO: [Synth 8-3886] merging instance 'dma_pcie_rq/m_axis_rq_thead_d_ff_reg[0][86]' (FDRE) to 'dma_pcie_rq/m_axis_rq_thead_d_ff_reg[0][127]'
INFO: [Synth 8-3886] merging instance 'dma_pcie_rq/m_axis_rq_thead_d_ff_reg[0][87]' (FDRE) to 'dma_pcie_rq/m_axis_rq_thead_d_ff_reg[0][127]'
INFO: [Synth 8-3886] merging instance 'dma_pcie_rq/m_axis_rq_thead_d_ff_reg[0][88]' (FDRE) to 'dma_pcie_rq/m_axis_rq_thead_d_ff_reg[0][127]'
INFO: [Synth 8-3886] merging instance 'dma_pcie_rq/m_axis_rq_thead_d_ff_reg[0][89]' (FDRE) to 'dma_pcie_rq/m_axis_rq_thead_d_ff_reg[0][127]'
INFO: [Synth 8-3886] merging instance 'dma_pcie_rq/m_axis_rq_thead_d_ff_reg[0][90]' (FDRE) to 'dma_pcie_rq/m_axis_rq_thead_d_ff_reg[0][127]'
INFO: [Synth 8-3886] merging instance 'dma_pcie_rq/m_axis_rq_thead_d_ff_reg[0][91]' (FDRE) to 'dma_pcie_rq/m_axis_rq_thead_d_ff_reg[0][127]'
INFO: [Synth 8-3886] merging instance 'dma_pcie_rq/m_axis_rq_thead_d_ff_reg[0][92]' (FDRE) to 'dma_pcie_rq/m_axis_rq_thead_d_ff_reg[0][127]'
INFO: [Synth 8-3886] merging instance 'dma_pcie_rq/m_axis_rq_thead_d_ff_reg[0][93]' (FDRE) to 'dma_pcie_rq/m_axis_rq_thead_d_ff_reg[0][127]'
INFO: [Synth 8-3886] merging instance 'dma_pcie_rq/m_axis_rq_thead_d_ff_reg[0][94]' (FDRE) to 'dma_pcie_rq/m_axis_rq_thead_d_ff_reg[0][127]'
INFO: [Synth 8-3886] merging instance 'dma_pcie_rq/m_axis_rq_thead_d_ff_reg[0][95]' (FDRE) to 'dma_pcie_rq/m_axis_rq_thead_d_ff_reg[0][127]'
INFO: [Synth 8-3886] merging instance 'dma_pcie_rq/m_axis_rq_thead_d_ff_reg[0][104]' (FDRE) to 'dma_pcie_rq/m_axis_rq_thead_d_ff_reg[0][127]'
INFO: [Synth 8-3886] merging instance 'dma_pcie_rq/m_axis_rq_thead_d_ff_reg[0][105]' (FDRE) to 'dma_pcie_rq/m_axis_rq_thead_d_ff_reg[0][127]'
INFO: [Synth 8-3886] merging instance 'dma_pcie_rq/m_axis_rq_thead_d_ff_reg[0][106]' (FDRE) to 'dma_pcie_rq/m_axis_rq_thead_d_ff_reg[0][127]'
INFO: [Synth 8-3886] merging instance 'dma_pcie_rq/m_axis_rq_thead_d_ff_reg[0][107]' (FDRE) to 'dma_pcie_rq/m_axis_rq_thead_d_ff_reg[0][127]'
INFO: [Synth 8-3886] merging instance 'dma_pcie_rq/m_axis_rq_thead_d_ff_reg[0][108]' (FDRE) to 'dma_pcie_rq/m_axis_rq_thead_d_ff_reg[0][127]'
INFO: [Synth 8-3886] merging instance 'dma_pcie_rq/m_axis_rq_thead_d_ff_reg[0][109]' (FDRE) to 'dma_pcie_rq/m_axis_rq_thead_d_ff_reg[0][127]'
INFO: [Synth 8-3886] merging instance 'dma_pcie_rq/m_axis_rq_thead_d_ff_reg[0][110]' (FDRE) to 'dma_pcie_rq/m_axis_rq_thead_d_ff_reg[0][127]'
INFO: [Synth 8-3886] merging instance 'dma_pcie_rq/m_axis_rq_thead_d_ff_reg[0][111]' (FDRE) to 'dma_pcie_rq/m_axis_rq_thead_d_ff_reg[0][127]'
INFO: [Synth 8-3886] merging instance 'dma_pcie_rq/m_axis_rq_thead_d_ff_reg[0][112]' (FDRE) to 'dma_pcie_rq/m_axis_rq_thead_d_ff_reg[0][127]'
INFO: [Synth 8-3886] merging instance 'dma_pcie_rq/m_axis_rq_thead_d_ff_reg[0][113]' (FDRE) to 'dma_pcie_rq/m_axis_rq_thead_d_ff_reg[0][127]'
INFO: [Synth 8-3886] merging instance 'dma_pcie_rq/m_axis_rq_thead_d_ff_reg[0][114]' (FDRE) to 'dma_pcie_rq/m_axis_rq_thead_d_ff_reg[0][127]'
INFO: [Synth 8-3886] merging instance 'dma_pcie_rq/m_axis_rq_thead_d_ff_reg[0][115]' (FDRE) to 'dma_pcie_rq/m_axis_rq_thead_d_ff_reg[0][127]'
INFO: [Synth 8-3886] merging instance 'dma_pcie_rq/m_axis_rq_thead_d_ff_reg[0][116]' (FDRE) to 'dma_pcie_rq/m_axis_rq_thead_d_ff_reg[0][127]'
INFO: [Synth 8-3886] merging instance 'dma_pcie_rq/m_axis_rq_thead_d_ff_reg[0][117]' (FDRE) to 'dma_pcie_rq/m_axis_rq_thead_d_ff_reg[0][127]'
INFO: [Synth 8-3886] merging instance 'dma_pcie_rq/m_axis_rq_thead_d_ff_reg[0][118]' (FDRE) to 'dma_pcie_rq/m_axis_rq_thead_d_ff_reg[0][127]'
INFO: [Synth 8-3886] merging instance 'dma_pcie_rq/m_axis_rq_thead_d_ff_reg[0][119]' (FDRE) to 'dma_pcie_rq/m_axis_rq_thead_d_ff_reg[0][127]'
INFO: [Synth 8-3886] merging instance 'dma_pcie_rq/m_axis_rq_thead_d_ff_reg[0][120]' (FDRE) to 'dma_pcie_rq/m_axis_rq_thead_d_ff_reg[0][127]'
INFO: [Synth 8-3886] merging instance 'dma_pcie_rq/m_axis_rq_thead_d_ff_reg[0][121]' (FDRE) to 'dma_pcie_rq/m_axis_rq_thead_d_ff_reg[0][127]'
INFO: [Synth 8-3886] merging instance 'dma_pcie_rq/m_axis_rq_thead_d_ff_reg[0][122]' (FDRE) to 'dma_pcie_rq/m_axis_rq_thead_d_ff_reg[0][127]'
INFO: [Synth 8-3886] merging instance 'dma_pcie_rq/m_axis_rq_thead_d_ff_reg[0][123]' (FDRE) to 'dma_pcie_rq/m_axis_rq_thead_d_ff_reg[0][127]'
INFO: [Synth 8-3886] merging instance 'dma_pcie_rq/m_axis_rq_thead_d_ff_reg[0][124]' (FDRE) to 'dma_pcie_rq/m_axis_rq_thead_d_ff_reg[0][127]'
INFO: [Synth 8-3886] merging instance 'dma_pcie_rq/m_axis_rq_thead_d_ff_reg[0][126]' (FDRE) to 'dma_pcie_rq/m_axis_rq_thead_d_ff_reg[0][127]'
INFO: [Synth 8-3333] propagating constant 0 across sequential element (dma_pcie_rq/\m_axis_rq_thead_d_ff_reg[0][127] )
INFO: [Synth 8-3886] merging instance 'dma_pcie_rq/RcbAvail_new_ff_reg[2]' (FDR) to 'dma_pcie_rq/RcbAvail_new_ff_reg[4]'
INFO: [Synth 8-3886] merging instance 'dma_pcie_rq/RcbAvail_new_ff_reg[3]' (FDR) to 'dma_pcie_rq/RcbAvail_new_ff_reg[4]'
INFO: [Synth 8-3333] propagating constant 0 across sequential element (dma_pcie_rq/\RcbAvail_new_ff_reg[4] )
INFO: [Synth 8-3886] merging instance 'dma_pcie_rq/wtlp_sm_500_reg[7]' (FDRE) to 'dma_pcie_rq/wtlp_sm_500_reg[6]'
INFO: [Synth 8-3886] merging instance 'dma_pcie_rq/wtlp_sm_500_reg[6]' (FDRE) to 'dma_pcie_rq/wtlp_sm_500_reg[5]'
INFO: [Synth 8-3886] merging instance 'dma_pcie_rq/wtlp_sm_500_reg[5]' (FDRE) to 'dma_pcie_rq/wtlp_sm_500_reg[4]'
INFO: [Synth 8-3886] merging instance 'dma_pcie_rq/wtlp_sm_500_reg[4]' (FDRE) to 'dma_pcie_rq/wtlp_sm_500_reg[3]'
INFO: [Synth 8-3333] propagating constant 0 across sequential element (dma_pcie_rq/\wtlp_sm_500_reg[3] )
INFO: [Synth 8-3333] propagating constant 0 across sequential element (dma_pcie_rq/\rreq_head_info_ff_reg[1][slv] )
INFO: [Synth 8-3333] propagating constant 0 across sequential element (dma_pcie_rq/cancel_txn_ff_reg)
INFO: [Synth 8-3333] propagating constant 0 across sequential element (dma_pcie_rq/\wtlp_shift_503_reg[0] )
INFO: [Synth 8-3333] propagating constant 0 across sequential element (dma_pcie_rq/\wtlp_shift_503_reg[1] )
INFO: [Synth 8-3333] propagating constant 1 across sequential element (dma_pcie_rq/\lstrb_ff_reg[0] )
INFO: [Synth 8-3886] merging instance 'dma_pcie_rq/m_axis_rq_tuser_d_ff_reg[1][12]' (FDR) to 'dma_pcie_rq/m_axis_rq_tuser_comb_ff_reg[12]'
INFO: [Synth 8-3886] merging instance 'dma_pcie_rq/m_axis_rq_tuser_d_ff_reg[1][13]' (FDR) to 'dma_pcie_rq/m_axis_rq_tuser_comb_ff_reg[13]'
INFO: [Synth 8-3886] merging instance 'dma_pcie_rq/m_axis_rq_tuser_d_ff_reg[1][14]' (FDR) to 'dma_pcie_rq/m_axis_rq_tuser_comb_ff_reg[14]'
INFO: [Synth 8-3886] merging instance 'dma_pcie_rq/m_axis_rq_tuser_d_ff_reg[1][15]' (FDR) to 'dma_pcie_rq/m_axis_rq_tuser_comb_ff_reg[15]'
INFO: [Synth 8-3886] merging instance 'dma_pcie_rq/m_axis_rq_tuser_d_ff_reg[1][21]' (FDR) to 'dma_pcie_rq/m_axis_rq_tuser_comb_ff_reg[21]'
INFO: [Synth 8-3886] merging instance 'dma_pcie_rq/m_axis_rq_tuser_d_ff_reg[1][23]' (FDR) to 'dma_pcie_rq/m_axis_rq_tuser_comb_ff_reg[23]'
INFO: [Synth 8-3886] merging instance 'dma_pcie_rq/m_axis_rq_tuser_d_ff_reg[0][24]' (FDR) to 'dma_pcie_rq/m_axis_rq_tuser_comb_ff_reg[24]'
INFO: [Synth 8-3886] merging instance 'dma_pcie_rq/m_axis_rq_tuser_d_ff_reg[0][28]' (FDR) to 'dma_pcie_rq/m_axis_rq_tuser_comb_ff_reg[28]'
INFO: [Synth 8-3886] merging instance 'dma_pcie_rq/m_axis_rq_tuser_d_ff_reg[0][29]' (FDR) to 'dma_pcie_rq/m_axis_rq_tuser_comb_ff_reg[29]'
INFO: [Synth 8-3886] merging instance 'dma_pcie_rq/m_axis_rq_tuser_d_ff_reg[0][30]' (FDR) to 'dma_pcie_rq/m_axis_rq_tuser_comb_ff_reg[30]'
INFO: [Synth 8-3886] merging instance 'dma_pcie_rq/m_axis_rq_tuser_d_ff_reg[0][31]' (FDR) to 'dma_pcie_rq/m_axis_rq_tuser_comb_ff_reg[31]'
INFO: [Synth 8-3886] merging instance 'dma_pcie_rq/m_axis_rq_tuser_d_ff_reg[1][32]' (FDR) to 'dma_pcie_rq/m_axis_rq_tuser_comb_ff_reg[32]'
INFO: [Synth 8-3886] merging instance 'dma_pcie_rq/m_axis_rq_tuser_d_ff_reg[1][33]' (FDR) to 'dma_pcie_rq/m_axis_rq_tuser_comb_ff_reg[33]'
INFO: [Synth 8-3886] merging instance 'dma_pcie_rq/m_axis_rq_tuser_d_ff_reg[1][34]' (FDR) to 'dma_pcie_rq/m_axis_rq_tuser_comb_ff_reg[34]'
INFO: [Synth 8-3886] merging instance 'dma_pcie_rq/m_axis_rq_tuser_d_ff_reg[1][35]' (FDR) to 'dma_pcie_rq/m_axis_rq_tuser_comb_ff_reg[35]'
INFO: [Synth 8-3886] merging instance 'dma_pcie_rq/RQ_FIFO/MemArray_reg[280]' (FDE) to 'dma_pcie_rq/RQ_FIFO/MemArray_reg[323]'
INFO: [Synth 8-3886] merging instance 'dma_pcie_rq/RQ_FIFO/MemArray_reg[281]' (FDE) to 'dma_pcie_rq/RQ_FIFO/MemArray_reg[323]'
INFO: [Synth 8-3886] merging instance 'dma_pcie_rq/RQ_FIFO/MemArray_reg[282]' (FDE) to 'dma_pcie_rq/RQ_FIFO/MemArray_reg[323]'
INFO: [Synth 8-3886] merging instance 'dma_pcie_rq/RQ_FIFO/MemArray_reg[283]' (FDE) to 'dma_pcie_rq/RQ_FIFO/MemArray_reg[323]'
INFO: [Synth 8-3886] merging instance 'dma_pcie_rq/RQ_FIFO/MemArray_reg[286]' (FDE) to 'dma_pcie_rq/RQ_FIFO/MemArray_reg[323]'
INFO: [Synth 8-3886] merging instance 'dma_pcie_rq/RQ_FIFO/MemArray_reg[301]' (FDE) to 'dma_pcie_rq/RQ_FIFO/MemArray_reg[323]'
INFO: [Synth 8-3886] merging instance 'dma_pcie_rq/RQ_FIFO/MemArray_reg[302]' (FDE) to 'dma_pcie_rq/RQ_FIFO/MemArray_reg[323]'
INFO: [Synth 8-3886] merging instance 'dma_pcie_rq/RQ_FIFO/MemArray_reg[303]' (FDE) to 'dma_pcie_rq/RQ_FIFO/MemArray_reg[323]'
INFO: [Synth 8-3886] merging instance 'dma_pcie_rq/RQ_FIFO/MemArray_reg[304]' (FDE) to 'dma_pcie_rq/RQ_FIFO/MemArray_reg[323]'
INFO: [Synth 8-3886] merging instance 'dma_pcie_rq/RQ_FIFO/MemArray_reg[305]' (FDE) to 'dma_pcie_rq/RQ_FIFO/MemArray_reg[323]'
INFO: [Synth 8-3886] merging instance 'dma_pcie_rq/RQ_FIFO/MemArray_reg[306]' (FDE) to 'dma_pcie_rq/RQ_FIFO/MemArray_reg[323]'
INFO: [Synth 8-3886] merging instance 'dma_pcie_rq/RQ_FIFO/MemArray_reg[307]' (FDE) to 'dma_pcie_rq/RQ_FIFO/MemArray_reg[323]'
INFO: [Synth 8-3886] merging instance 'dma_pcie_rq/RQ_FIFO/MemArray_reg[308]' (FDE) to 'dma_pcie_rq/RQ_FIFO/MemArray_reg[323]'
INFO: [Synth 8-3886] merging instance 'dma_pcie_rq/RQ_FIFO/MemArray_reg[309]' (FDE) to 'dma_pcie_rq/RQ_FIFO/MemArray_reg[323]'
INFO: [Synth 8-3886] merging instance 'dma_pcie_rq/RQ_FIFO/MemArray_reg[310]' (FDE) to 'dma_pcie_rq/RQ_FIFO/MemArray_reg[323]'
INFO: [Synth 8-3886] merging instance 'dma_pcie_rq/RQ_FIFO/MemArray_reg[311]' (FDE) to 'dma_pcie_rq/RQ_FIFO/MemArray_reg[323]'
INFO: [Synth 8-3886] merging instance 'dma_pcie_rq/RQ_FIFO/MemArray_reg[312]' (FDE) to 'dma_pcie_rq/RQ_FIFO/MemArray_reg[323]'
INFO: [Synth 8-3886] merging instance 'dma_pcie_rq/RQ_FIFO/MemArray_reg[313]' (FDE) to 'dma_pcie_rq/RQ_FIFO/MemArray_reg[323]'
INFO: [Synth 8-3886] merging instance 'dma_pcie_rq/RQ_FIFO/MemArray_reg[314]' (FDE) to 'dma_pcie_rq/RQ_FIFO/MemArray_reg[323]'
INFO: [Synth 8-3886] merging instance 'dma_pcie_rq/RQ_FIFO/MemArray_reg[315]' (FDE) to 'dma_pcie_rq/RQ_FIFO/MemArray_reg[323]'
INFO: [Synth 8-3886] merging instance 'dma_pcie_rq/RQ_FIFO/MemArray_reg[316]' (FDE) to 'dma_pcie_rq/RQ_FIFO/MemArray_reg[323]'
INFO: [Synth 8-3886] merging instance 'dma_pcie_rq/RQ_FIFO/MemArray_reg[317]' (FDE) to 'dma_pcie_rq/RQ_FIFO/MemArray_reg[323]'
INFO: [Synth 8-3886] merging instance 'dma_pcie_rq/RQ_FIFO/MemArray_reg[318]' (FDE) to 'dma_pcie_rq/RQ_FIFO/MemArray_reg[323]'
INFO: [Synth 8-3886] merging instance 'dma_pcie_rq/RQ_FIFO/MemArray_reg[319]' (FDE) to 'dma_pcie_rq/RQ_FIFO/MemArray_reg[323]'
INFO: [Synth 8-3886] merging instance 'dma_pcie_rq/RQ_FIFO/MemArray_reg[320]' (FDE) to 'dma_pcie_rq/RQ_FIFO/MemArray_reg[323]'
INFO: [Synth 8-3886] merging instance 'dma_pcie_rq/RQ_FIFO/MemArray_reg[321]' (FDE) to 'dma_pcie_rq/RQ_FIFO/MemArray_reg[323]'
INFO: [Synth 8-3886] merging instance 'dma_pcie_rq/RQ_FIFO/MemArray_reg[322]' (FDE) to 'dma_pcie_rq/RQ_FIFO/MemArray_reg[323]'
INFO: [Synth 8-3333] propagating constant 0 across sequential element (dma_pcie_rq/RQ_FIFO/\MemArray_reg[323] )
INFO: [Synth 8-3886] merging instance 'dma_pcie_rq/m_axis_rq_thead_d_ff_reg[0][75]' (FDRE) to 'dma_pcie_rq/m_axis_rq_thead_d_ff_reg[0][103]'
INFO: [Synth 8-3333] propagating constant 0 across sequential element (dma_pcie_rq/\tlp_rrq_tag_ff_reg[0][0] )
INFO: [Synth 8-3886] merging instance 'dma_pcie_rq/tlp_rrq_tag_ff_reg[1][0]' (FD) to 'dma_pcie_rq/tlp_rrq_snt_ff_reg[1]'
INFO: [Synth 8-3886] merging instance 'dma_pcie_rq/nph_hist_ff_reg[1]' (FDR) to 'dma_pcie_rq/rdIssued_ff_reg[1]'
